mode: set
github.com/palladius/emorr-agy/internal/sessions/classification.go:15.61,16.11 1 1
github.com/palladius/emorr-agy/internal/sessions/classification.go:17.21,18.16 1 1
github.com/palladius/emorr-agy/internal/sessions/classification.go:19.24,20.16 1 1
github.com/palladius/emorr-agy/internal/sessions/classification.go:21.21,22.18 1 1
github.com/palladius/emorr-agy/internal/sessions/classification.go:23.10,24.15 1 1
github.com/palladius/emorr-agy/internal/sessions/classification.go:29.61,30.11 1 1
github.com/palladius/emorr-agy/internal/sessions/classification.go:31.21,32.20 1 1
github.com/palladius/emorr-agy/internal/sessions/classification.go:33.24,34.24 1 1
github.com/palladius/emorr-agy/internal/sessions/classification.go:35.21,36.20 1 1
github.com/palladius/emorr-agy/internal/sessions/classification.go:37.10,38.36 1 1
github.com/palladius/emorr-agy/internal/sessions/classification.go:43.48,45.2 1 1
github.com/palladius/emorr-agy/internal/sessions/classify.go:65.68,65.98 1 0
github.com/palladius/emorr-agy/internal/sessions/classify.go:66.67,66.99 1 0
github.com/palladius/emorr-agy/internal/sessions/classify.go:67.67,67.95 1 0
github.com/palladius/emorr-agy/internal/sessions/classify.go:68.67,68.91 1 0
github.com/palladius/emorr-agy/internal/sessions/classify.go:69.85,71.2 1 0
github.com/palladius/emorr-agy/internal/sessions/classify.go:72.67,72.101 1 0
github.com/palladius/emorr-agy/internal/sessions/classify.go:73.67,73.93 1 0
github.com/palladius/emorr-agy/internal/sessions/classify.go:77.61,80.16 3 0
github.com/palladius/emorr-agy/internal/sessions/classify.go:80.16,82.3 1 0
github.com/palladius/emorr-agy/internal/sessions/classify.go:84.2,86.29 3 0
github.com/palladius/emorr-agy/internal/sessions/classify.go:86.29,87.17 1 0
github.com/palladius/emorr-agy/internal/sessions/classify.go:87.17,88.12 1 0
github.com/palladius/emorr-agy/internal/sessions/classify.go:90.3,91.22 2 0
github.com/palladius/emorr-agy/internal/sessions/classify.go:91.22,102.4 4 0
github.com/palladius/emorr-agy/internal/sessions/classify.go:104.2,104.18 1 0
github.com/palladius/emorr-agy/internal/sessions/classify.go:113.100,119.2 1 1
github.com/palladius/emorr-agy/internal/sessions/classify.go:122.84,131.16 5 1
github.com/palladius/emorr-agy/internal/sessions/classify.go:131.16,132.35 1 1
github.com/palladius/emorr-agy/internal/sessions/classify.go:132.35,135.28 3 1
github.com/palladius/emorr-agy/internal/sessions/classify.go:135.28,137.5 1 1
github.com/palladius/emorr-agy/internal/sessions/classify.go:140.4,141.77 2 1
github.com/palladius/emorr-agy/internal/sessions/classify.go:141.77,142.45 1 1
github.com/palladius/emorr-agy/internal/sessions/classify.go:142.45,144.6 1 1
github.com/palladius/emorr-agy/internal/sessions/classify.go:144.11,144.52 1 1
github.com/palladius/emorr-agy/internal/sessions/classify.go:144.52,146.6 1 1
github.com/palladius/emorr-agy/internal/sessions/classify.go:146.11,146.52 1 0
github.com/palladius/emorr-agy/internal/sessions/classify.go:146.52,148.6 1 0
github.com/palladius/emorr-agy/internal/sessions/classify.go:151.4,157.48 5 1
github.com/palladius/emorr-agy/internal/sessions/classify.go:157.48,159.5 1 1
github.com/palladius/emorr-agy/internal/sessions/classify.go:159.10,160.50 1 1
github.com/palladius/emorr-agy/internal/sessions/classify.go:160.50,162.6 1 0
github.com/palladius/emorr-agy/internal/sessions/classify.go:166.4,168.57 3 1
github.com/palladius/emorr-agy/internal/sessions/classify.go:168.57,172.59 2 1
github.com/palladius/emorr-agy/internal/sessions/classify.go:172.59,174.6 1 1
github.com/palladius/emorr-agy/internal/sessions/classify.go:176.4,176.25 1 1
github.com/palladius/emorr-agy/internal/sessions/classify.go:176.25,178.5 1 1
github.com/palladius/emorr-agy/internal/sessions/classify.go:180.4,181.43 2 1
github.com/palladius/emorr-agy/internal/sessions/classify.go:181.43,183.5 1 1
github.com/palladius/emorr-agy/internal/sessions/classify.go:185.4,196.34 2 1
github.com/palladius/emorr-agy/internal/sessions/classify.go:200.2,201.59 2 1
github.com/palladius/emorr-agy/internal/sessions/classify.go:201.59,202.37 1 0
github.com/palladius/emorr-agy/internal/sessions/classify.go:202.37,203.22 1 0
github.com/palladius/emorr-agy/internal/sessions/classify.go:203.22,204.13 1 0
github.com/palladius/emorr-agy/internal/sessions/classify.go:206.4,206.56 1 0
github.com/palladius/emorr-agy/internal/sessions/classify.go:206.56,207.13 1 0
github.com/palladius/emorr-agy/internal/sessions/classify.go:209.4,211.18 3 0
github.com/palladius/emorr-agy/internal/sessions/classify.go:211.18,212.13 1 0
github.com/palladius/emorr-agy/internal/sessions/classify.go:214.4,216.93 2 0
github.com/palladius/emorr-agy/internal/sessions/classify.go:216.93,218.55 2 0
github.com/palladius/emorr-agy/internal/sessions/classify.go:218.55,220.6 1 0
github.com/palladius/emorr-agy/internal/sessions/classify.go:226.2,227.55 2 1
github.com/palladius/emorr-agy/internal/sessions/classify.go:227.55,229.59 2 1
github.com/palladius/emorr-agy/internal/sessions/classify.go:229.59,234.43 2 1
github.com/palladius/emorr-agy/internal/sessions/classify.go:234.43,235.81 1 1
github.com/palladius/emorr-agy/internal/sessions/classify.go:235.81,237.6 1 1
github.com/palladius/emorr-agy/internal/sessions/classify.go:240.4,240.45 1 1
github.com/palladius/emorr-agy/internal/sessions/classify.go:240.45,242.27 1 1
github.com/palladius/emorr-agy/internal/sessions/classify.go:242.27,243.14 1 1
github.com/palladius/emorr-agy/internal/sessions/classify.go:246.5,248.27 2 1
github.com/palladius/emorr-agy/internal/sessions/classify.go:248.27,250.6 1 0
github.com/palladius/emorr-agy/internal/sessions/classify.go:252.5,253.53 2 1
github.com/palladius/emorr-agy/internal/sessions/classify.go:253.53,255.6 1 0
github.com/palladius/emorr-agy/internal/sessions/classify.go:256.5,262.58 5 1
github.com/palladius/emorr-agy/internal/sessions/classify.go:262.58,268.60 2 0
github.com/palladius/emorr-agy/internal/sessions/classify.go:268.60,271.7 2 0
github.com/palladius/emorr-agy/internal/sessions/classify.go:273.5,273.26 1 1
github.com/palladius/emorr-agy/internal/sessions/classify.go:273.26,275.6 1 1
github.com/palladius/emorr-agy/internal/sessions/classify.go:278.5,278.71 1 1
github.com/palladius/emorr-agy/internal/sessions/classify.go:278.71,281.6 2 0
github.com/palladius/emorr-agy/internal/sessions/classify.go:281.11,282.59 1 1
github.com/palladius/emorr-agy/internal/sessions/classify.go:282.59,284.7 1 1
github.com/palladius/emorr-agy/internal/sessions/classify.go:284.12,286.7 1 1
github.com/palladius/emorr-agy/internal/sessions/classify.go:290.5,292.49 3 1
github.com/palladius/emorr-agy/internal/sessions/classify.go:292.49,294.6 1 0
github.com/palladius/emorr-agy/internal/sessions/classify.go:294.11,297.55 2 1
github.com/palladius/emorr-agy/internal/sessions/classify.go:297.55,299.7 1 0
github.com/palladius/emorr-agy/internal/sessions/classify.go:299.12,299.57 1 1
github.com/palladius/emorr-agy/internal/sessions/classify.go:299.57,301.7 1 0
github.com/palladius/emorr-agy/internal/sessions/classify.go:304.5,313.35 2 1
github.com/palladius/emorr-agy/internal/sessions/classify.go:319.2,320.61 2 1
github.com/palladius/emorr-agy/internal/sessions/classify.go:320.61,321.33 1 0
github.com/palladius/emorr-agy/internal/sessions/classify.go:321.33,323.115 2 0
github.com/palladius/emorr-agy/internal/sessions/classify.go:323.115,324.13 1 0
github.com/palladius/emorr-agy/internal/sessions/classify.go:326.4,328.26 2 0
github.com/palladius/emorr-agy/internal/sessions/classify.go:328.26,329.13 1 0
github.com/palladius/emorr-agy/internal/sessions/classify.go:333.4,334.31 2 0
github.com/palladius/emorr-agy/internal/sessions/classify.go:334.31,335.23 1 0
github.com/palladius/emorr-agy/internal/sessions/classify.go:335.23,337.11 2 0
github.com/palladius/emorr-agy/internal/sessions/classify.go:340.4,340.20 1 0
github.com/palladius/emorr-agy/internal/sessions/classify.go:340.20,341.13 1 0
github.com/palladius/emorr-agy/internal/sessions/classify.go:344.4,350.62 5 0
github.com/palladius/emorr-agy/internal/sessions/classify.go:350.62,353.62 2 0
github.com/palladius/emorr-agy/internal/sessions/classify.go:353.62,355.59 2 0
github.com/palladius/emorr-agy/internal/sessions/classify.go:355.59,357.7 1 0
github.com/palladius/emorr-agy/internal/sessions/classify.go:359.5,359.59 1 0
github.com/palladius/emorr-agy/internal/sessions/classify.go:363.4,365.48 3 0
github.com/palladius/emorr-agy/internal/sessions/classify.go:365.48,367.5 1 0
github.com/palladius/emorr-agy/internal/sessions/classify.go:370.4,371.48 2 0
github.com/palladius/emorr-agy/internal/sessions/classify.go:371.48,373.5 1 0
github.com/palladius/emorr-agy/internal/sessions/classify.go:373.10,373.23 1 0
github.com/palladius/emorr-agy/internal/sessions/classify.go:373.23,375.5 1 0
github.com/palladius/emorr-agy/internal/sessions/classify.go:375.10,375.82 1 0
github.com/palladius/emorr-agy/internal/sessions/classify.go:375.82,379.5 1 0
github.com/palladius/emorr-agy/internal/sessions/classify.go:379.10,381.5 1 0
github.com/palladius/emorr-agy/internal/sessions/classify.go:384.4,398.34 4 0
github.com/palladius/emorr-agy/internal/sessions/classify.go:403.2,404.26 2 1
github.com/palladius/emorr-agy/internal/sessions/classify.go:404.26,405.70 1 1
github.com/palladius/emorr-agy/internal/sessions/classify.go:405.70,407.4 1 0
github.com/palladius/emorr-agy/internal/sessions/classify.go:409.2,409.26 1 1
github.com/palladius/emorr-agy/internal/sessions/classify.go:409.26,410.84 1 1
github.com/palladius/emorr-agy/internal/sessions/classify.go:410.84,412.4 1 0
github.com/palladius/emorr-agy/internal/sessions/classify.go:415.2,416.63 2 1
github.com/palladius/emorr-agy/internal/sessions/classify.go:416.63,417.39 1 0
github.com/palladius/emorr-agy/internal/sessions/classify.go:417.39,418.25 1 0
github.com/palladius/emorr-agy/internal/sessions/classify.go:418.25,419.13 1 0
github.com/palladius/emorr-agy/internal/sessions/classify.go:421.4,424.18 4 0
github.com/palladius/emorr-agy/internal/sessions/classify.go:424.18,425.13 1 0
github.com/palladius/emorr-agy/internal/sessions/classify.go:429.4,436.84 2 0
github.com/palladius/emorr-agy/internal/sessions/classify.go:436.84,437.13 1 0
github.com/palladius/emorr-agy/internal/sessions/classify.go:441.4,442.37 2 0
github.com/palladius/emorr-agy/internal/sessions/classify.go:442.37,443.42 1 0
github.com/palladius/emorr-agy/internal/sessions/classify.go:443.42,446.6 2 0
github.com/palladius/emorr-agy/internal/sessions/classify.go:448.4,448.60 1 0
github.com/palladius/emorr-agy/internal/sessions/classify.go:448.60,449.13 1 0
github.com/palladius/emorr-agy/internal/sessions/classify.go:453.4,454.37 2 0
github.com/palladius/emorr-agy/internal/sessions/classify.go:454.37,455.67 1 0
github.com/palladius/emorr-agy/internal/sessions/classify.go:455.67,457.6 1 0
github.com/palladius/emorr-agy/internal/sessions/classify.go:462.4,466.6 2 0
github.com/palladius/emorr-agy/internal/sessions/classify.go:466.6,467.46 1 0
github.com/palladius/emorr-agy/internal/sessions/classify.go:467.46,469.11 2 0
github.com/palladius/emorr-agy/internal/sessions/classify.go:474.4,475.42 2 0
github.com/palladius/emorr-agy/internal/sessions/classify.go:475.42,478.5 2 0
github.com/palladius/emorr-agy/internal/sessions/classify.go:481.4,482.75 2 0
github.com/palladius/emorr-agy/internal/sessions/classify.go:482.75,484.5 1 0
github.com/palladius/emorr-agy/internal/sessions/classify.go:484.10,484.92 1 0
github.com/palladius/emorr-agy/internal/sessions/classify.go:484.92,486.5 1 0
github.com/palladius/emorr-agy/internal/sessions/classify.go:488.4,496.6 1 0
github.com/palladius/emorr-agy/internal/sessions/classify.go:502.2,502.43 1 1
github.com/palladius/emorr-agy/internal/sessions/classify.go:502.43,505.29 3 1
github.com/palladius/emorr-agy/internal/sessions/classify.go:505.29,507.4 1 1
github.com/palladius/emorr-agy/internal/sessions/classify.go:508.3,508.63 1 1
github.com/palladius/emorr-agy/internal/sessions/classify.go:508.63,510.4 1 1
github.com/palladius/emorr-agy/internal/sessions/classify.go:511.3,511.66 1 1
github.com/palladius/emorr-agy/internal/sessions/classify.go:515.2,515.28 1 1
github.com/palladius/emorr-agy/internal/sessions/classify.go:515.28,517.30 2 1
github.com/palladius/emorr-agy/internal/sessions/classify.go:517.30,518.36 1 1
github.com/palladius/emorr-agy/internal/sessions/classify.go:518.36,519.23 1 1
github.com/palladius/emorr-agy/internal/sessions/classify.go:519.23,521.11 2 1
github.com/palladius/emorr-agy/internal/sessions/classify.go:525.3,525.23 1 1
github.com/palladius/emorr-agy/internal/sessions/classify.go:528.2,528.22 1 1
github.com/palladius/emorr-agy/internal/sessions/classify.go:531.65,534.16 3 1
github.com/palladius/emorr-agy/internal/sessions/classify.go:534.16,536.3 1 1
github.com/palladius/emorr-agy/internal/sessions/classify.go:538.2,540.29 2 0
github.com/palladius/emorr-agy/internal/sessions/classify.go:540.29,541.20 1 0
github.com/palladius/emorr-agy/internal/sessions/classify.go:541.20,542.12 1 0
github.com/palladius/emorr-agy/internal/sessions/classify.go:544.3,546.17 3 0
github.com/palladius/emorr-agy/internal/sessions/classify.go:546.17,547.12 1 0
github.com/palladius/emorr-agy/internal/sessions/classify.go:551.3,553.17 3 0
github.com/palladius/emorr-agy/internal/sessions/classify.go:553.17,554.12 1 0
github.com/palladius/emorr-agy/internal/sessions/classify.go:556.3,559.35 3 0
github.com/palladius/emorr-agy/internal/sessions/classify.go:559.35,560.40 1 0
github.com/palladius/emorr-agy/internal/sessions/classify.go:560.40,562.10 2 0
github.com/palladius/emorr-agy/internal/sessions/classify.go:566.3,566.19 1 0
github.com/palladius/emorr-agy/internal/sessions/classify.go:566.19,568.67 2 0
github.com/palladius/emorr-agy/internal/sessions/classify.go:568.67,570.37 2 0
github.com/palladius/emorr-agy/internal/sessions/classify.go:570.37,571.80 1 0
github.com/palladius/emorr-agy/internal/sessions/classify.go:571.80,573.12 2 0
github.com/palladius/emorr-agy/internal/sessions/classify.go:578.3,578.19 1 0
github.com/palladius/emorr-agy/internal/sessions/classify.go:578.19,579.12 1 0
github.com/palladius/emorr-agy/internal/sessions/classify.go:582.3,584.17 3 0
github.com/palladius/emorr-agy/internal/sessions/classify.go:584.17,585.12 1 0
github.com/palladius/emorr-agy/internal/sessions/classify.go:588.3,588.26 1 0
github.com/palladius/emorr-agy/internal/sessions/classify.go:588.26,591.18 3 0
github.com/palladius/emorr-agy/internal/sessions/classify.go:591.18,592.13 1 0
github.com/palladius/emorr-agy/internal/sessions/classify.go:595.4,595.180 1 0
github.com/palladius/emorr-agy/internal/sessions/classify.go:595.180,599.5 3 0
github.com/palladius/emorr-agy/internal/sessions/classify.go:602.2,602.15 1 0
github.com/palladius/emorr-agy/internal/sessions/classify.go:605.47,606.39 1 1
github.com/palladius/emorr-agy/internal/sessions/classify.go:606.39,608.3 1 1
github.com/palladius/emorr-agy/internal/sessions/classify.go:609.2,609.39 1 1
github.com/palladius/emorr-agy/internal/sessions/classify.go:609.39,611.3 1 1
github.com/palladius/emorr-agy/internal/sessions/classify.go:612.2,612.39 1 1
github.com/palladius/emorr-agy/internal/sessions/classify.go:612.39,614.3 1 0
github.com/palladius/emorr-agy/internal/sessions/classify.go:615.2,615.18 1 1
github.com/palladius/emorr-agy/internal/sessions/classify.go:618.67,621.23 3 1
github.com/palladius/emorr-agy/internal/sessions/classify.go:621.23,623.64 1 1
github.com/palladius/emorr-agy/internal/sessions/classify.go:623.64,625.4 1 1
github.com/palladius/emorr-agy/internal/sessions/classify.go:626.8,629.3 1 1
github.com/palladius/emorr-agy/internal/sessions/classify.go:631.2,634.35 3 1
github.com/palladius/emorr-agy/internal/sessions/classify.go:634.35,636.25 2 1
github.com/palladius/emorr-agy/internal/sessions/classify.go:636.25,637.12 1 0
github.com/palladius/emorr-agy/internal/sessions/classify.go:640.3,641.25 2 1
github.com/palladius/emorr-agy/internal/sessions/classify.go:641.25,642.12 1 0
github.com/palladius/emorr-agy/internal/sessions/classify.go:644.3,644.93 1 1
github.com/palladius/emorr-agy/internal/sessions/classify.go:644.93,646.4 1 1
github.com/palladius/emorr-agy/internal/sessions/classify.go:648.2,648.14 1 1
github.com/palladius/emorr-agy/internal/sessions/classify.go:651.82,653.44 2 1
github.com/palladius/emorr-agy/internal/sessions/classify.go:653.44,655.3 1 0
github.com/palladius/emorr-agy/internal/sessions/classify.go:655.8,655.51 1 1
github.com/palladius/emorr-agy/internal/sessions/classify.go:655.51,657.3 1 0
github.com/palladius/emorr-agy/internal/sessions/classify.go:657.8,657.51 1 1
github.com/palladius/emorr-agy/internal/sessions/classify.go:657.51,659.3 1 0
github.com/palladius/emorr-agy/internal/sessions/classify.go:661.2,673.26 2 1
github.com/palladius/emorr-agy/internal/sessions/classify.go:673.26,675.17 2 1
github.com/palladius/emorr-agy/internal/sessions/classify.go:675.17,676.12 1 1
github.com/palladius/emorr-agy/internal/sessions/classify.go:679.3,681.28 3 1
github.com/palladius/emorr-agy/internal/sessions/classify.go:681.28,683.4 1 1
github.com/palladius/emorr-agy/internal/sessions/classify.go:684.3,684.41 1 1
github.com/palladius/emorr-agy/internal/sessions/classify.go:684.41,685.18 1 1
github.com/palladius/emorr-agy/internal/sessions/classify.go:685.18,686.13 1 0
github.com/palladius/emorr-agy/internal/sessions/classify.go:688.4,692.62 2 1
github.com/palladius/emorr-agy/internal/sessions/classify.go:692.62,693.13 1 0
github.com/palladius/emorr-agy/internal/sessions/classify.go:695.4,695.55 1 1
github.com/palladius/emorr-agy/internal/sessions/classify.go:695.55,697.77 2 1
github.com/palladius/emorr-agy/internal/sessions/classify.go:697.77,699.75 2 1
github.com/palladius/emorr-agy/internal/sessions/classify.go:699.75,701.7 1 1
github.com/palladius/emorr-agy/internal/sessions/classify.go:703.5,705.27 3 1
github.com/palladius/emorr-agy/internal/sessions/classify.go:705.27,707.6 1 0
github.com/palladius/emorr-agy/internal/sessions/classify.go:708.5,708.19 1 1
github.com/palladius/emorr-agy/internal/sessions/classify.go:712.2,712.11 1 1
github.com/palladius/emorr-agy/internal/sessions/classify.go:718.90,728.36 5 0
github.com/palladius/emorr-agy/internal/sessions/classify.go:728.36,730.17 2 0
github.com/palladius/emorr-agy/internal/sessions/classify.go:730.17,731.12 1 0
github.com/palladius/emorr-agy/internal/sessions/classify.go:734.3,738.30 4 0
github.com/palladius/emorr-agy/internal/sessions/classify.go:738.30,739.65 1 0
github.com/palladius/emorr-agy/internal/sessions/classify.go:739.65,741.5 1 0
github.com/palladius/emorr-agy/internal/sessions/classify.go:742.4,742.66 1 0
github.com/palladius/emorr-agy/internal/sessions/classify.go:742.66,745.76 2 0
github.com/palladius/emorr-agy/internal/sessions/classify.go:745.76,746.14 1 0
github.com/palladius/emorr-agy/internal/sessions/classify.go:748.5,750.24 3 0
github.com/palladius/emorr-agy/internal/sessions/classify.go:750.24,752.6 1 0
github.com/palladius/emorr-agy/internal/sessions/classify.go:752.11,754.6 1 0
github.com/palladius/emorr-agy/internal/sessions/classify.go:755.5,755.27 1 0
github.com/palladius/emorr-agy/internal/sessions/classify.go:759.3,759.30 1 0
github.com/palladius/emorr-agy/internal/sessions/classify.go:759.30,762.37 3 0
github.com/palladius/emorr-agy/internal/sessions/classify.go:762.37,763.22 1 0
github.com/palladius/emorr-agy/internal/sessions/classify.go:763.22,766.6 2 0
github.com/palladius/emorr-agy/internal/sessions/classify.go:768.4,768.21 1 0
github.com/palladius/emorr-agy/internal/sessions/classify.go:768.21,775.7 4 0
github.com/palladius/emorr-agy/internal/sessions/classify.go:775.7,776.47 1 0
github.com/palladius/emorr-agy/internal/sessions/classify.go:776.47,778.12 2 0
github.com/palladius/emorr-agy/internal/sessions/classify.go:781.5,781.25 1 0
github.com/palladius/emorr-agy/internal/sessions/classify.go:785.3,785.31 1 0
github.com/palladius/emorr-agy/internal/sessions/classify.go:785.31,788.38 3 0
github.com/palladius/emorr-agy/internal/sessions/classify.go:788.38,789.22 1 0
github.com/palladius/emorr-agy/internal/sessions/classify.go:789.22,792.6 2 0
github.com/palladius/emorr-agy/internal/sessions/classify.go:794.4,794.21 1 0
github.com/palladius/emorr-agy/internal/sessions/classify.go:794.21,796.5 1 0
github.com/palladius/emorr-agy/internal/sessions/classify.go:800.2,800.15 1 0
github.com/palladius/emorr-agy/internal/sessions/gemini.go:21.68,26.2 1 1
github.com/palladius/emorr-agy/internal/sessions/gemini.go:30.75,31.20 1 1
github.com/palladius/emorr-agy/internal/sessions/gemini.go:31.20,33.3 1 1
github.com/palladius/emorr-agy/internal/sessions/gemini.go:36.2,37.16 2 1
github.com/palladius/emorr-agy/internal/sessions/gemini.go:37.16,39.3 1 0
github.com/palladius/emorr-agy/internal/sessions/gemini.go:41.2,41.20 1 1
github.com/palladius/emorr-agy/internal/sessions/gemini.go:41.20,47.3 1 1
github.com/palladius/emorr-agy/internal/sessions/gemini.go:50.2,50.22 1 1
github.com/palladius/emorr-agy/internal/sessions/gemini.go:50.22,52.3 1 0
github.com/palladius/emorr-agy/internal/sessions/gemini.go:55.2,83.16 5 1
github.com/palladius/emorr-agy/internal/sessions/gemini.go:83.16,85.3 1 0
github.com/palladius/emorr-agy/internal/sessions/gemini.go:88.2,90.16 3 1
github.com/palladius/emorr-agy/internal/sessions/gemini.go:90.16,92.3 1 0
github.com/palladius/emorr-agy/internal/sessions/gemini.go:93.2,95.38 2 1
github.com/palladius/emorr-agy/internal/sessions/gemini.go:95.38,97.3 1 0
github.com/palladius/emorr-agy/internal/sessions/gemini.go:100.2,110.71 2 1
github.com/palladius/emorr-agy/internal/sessions/gemini.go:110.71,112.3 1 0
github.com/palladius/emorr-agy/internal/sessions/gemini.go:114.2,114.89 1 1
github.com/palladius/emorr-agy/internal/sessions/gemini.go:114.89,116.3 1 0
github.com/palladius/emorr-agy/internal/sessions/gemini.go:118.2,121.65 3 1
github.com/palladius/emorr-agy/internal/sessions/gemini.go:121.65,123.3 1 0
github.com/palladius/emorr-agy/internal/sessions/gemini.go:125.2,125.21 1 1
github.com/palladius/emorr-agy/internal/sessions/gemini.go:128.81,132.51 2 1
github.com/palladius/emorr-agy/internal/sessions/gemini.go:132.51,134.3 1 1
github.com/palladius/emorr-agy/internal/sessions/gemini.go:136.2,138.16 3 1
github.com/palladius/emorr-agy/internal/sessions/gemini.go:138.16,140.3 1 0
github.com/palladius/emorr-agy/internal/sessions/gemini.go:143.2,144.35 2 1
github.com/palladius/emorr-agy/internal/sessions/gemini.go:144.35,145.54 1 1
github.com/palladius/emorr-agy/internal/sessions/gemini.go:145.54,147.4 1 1
github.com/palladius/emorr-agy/internal/sessions/gemini.go:149.2,149.29 1 1
github.com/palladius/emorr-agy/internal/sessions/gemini.go:152.47,154.32 2 1
github.com/palladius/emorr-agy/internal/sessions/gemini.go:154.32,156.3 1 1
github.com/palladius/emorr-agy/internal/sessions/gemini.go:157.2,158.122 2 1
github.com/palladius/emorr-agy/internal/sessions/list.go:18.38,19.76 1 1
github.com/palladius/emorr-agy/internal/sessions/list.go:19.76,21.3 1 0
github.com/palladius/emorr-agy/internal/sessions/list.go:22.2,22.19 1 1
github.com/palladius/emorr-agy/internal/sessions/list.go:34.86,36.16 2 1
github.com/palladius/emorr-agy/internal/sessions/list.go:36.16,38.3 1 0
github.com/palladius/emorr-agy/internal/sessions/list.go:41.2,42.19 2 1
github.com/palladius/emorr-agy/internal/sessions/list.go:42.19,44.3 1 0
github.com/palladius/emorr-agy/internal/sessions/list.go:46.2,46.21 1 1
github.com/palladius/emorr-agy/internal/sessions/list.go:46.21,48.30 2 1
github.com/palladius/emorr-agy/internal/sessions/list.go:48.30,49.90 1 1
github.com/palladius/emorr-agy/internal/sessions/list.go:49.90,51.5 1 1
github.com/palladius/emorr-agy/internal/sessions/list.go:53.3,53.22 1 1
github.com/palladius/emorr-agy/internal/sessions/list.go:54.8,54.22 1 1
github.com/palladius/emorr-agy/internal/sessions/list.go:54.22,56.30 2 1
github.com/palladius/emorr-agy/internal/sessions/list.go:56.30,57.36 1 1
github.com/palladius/emorr-agy/internal/sessions/list.go:57.36,59.5 1 1
github.com/palladius/emorr-agy/internal/sessions/list.go:61.3,61.22 1 1
github.com/palladius/emorr-agy/internal/sessions/list.go:65.2,65.23 1 1
github.com/palladius/emorr-agy/internal/sessions/list.go:65.23,67.30 2 1
github.com/palladius/emorr-agy/internal/sessions/list.go:67.30,68.42 1 1
github.com/palladius/emorr-agy/internal/sessions/list.go:68.42,70.5 1 1
github.com/palladius/emorr-agy/internal/sessions/list.go:72.3,72.22 1 1
github.com/palladius/emorr-agy/internal/sessions/list.go:76.2,78.29 3 1
github.com/palladius/emorr-agy/internal/sessions/list.go:78.29,79.73 1 1
github.com/palladius/emorr-agy/internal/sessions/list.go:79.73,81.4 1 1
github.com/palladius/emorr-agy/internal/sessions/list.go:83.2,84.29 2 1
github.com/palladius/emorr-agy/internal/sessions/list.go:84.29,85.73 1 1
github.com/palladius/emorr-agy/internal/sessions/list.go:85.73,86.28 1 1
github.com/palladius/emorr-agy/internal/sessions/list.go:86.28,87.21 1 1
github.com/palladius/emorr-agy/internal/sessions/list.go:87.21,89.11 2 1
github.com/palladius/emorr-agy/internal/sessions/list.go:95.2,96.18 2 1
github.com/palladius/emorr-agy/internal/sessions/list.go:96.18,98.3 1 0
github.com/palladius/emorr-agy/internal/sessions/list.go:100.2,100.16 1 1
github.com/palladius/emorr-agy/internal/sessions/list.go:101.14,103.17 2 1
github.com/palladius/emorr-agy/internal/sessions/list.go:103.17,105.4 1 0
github.com/palladius/emorr-agy/internal/sessions/list.go:106.3,107.17 2 1
github.com/palladius/emorr-agy/internal/sessions/list.go:107.17,109.4 1 0
github.com/palladius/emorr-agy/internal/sessions/list.go:110.3,110.31 1 1
github.com/palladius/emorr-agy/internal/sessions/list.go:112.14,125.30 4 1
github.com/palladius/emorr-agy/internal/sessions/list.go:125.30,126.60 1 1
github.com/palladius/emorr-agy/internal/sessions/list.go:126.60,129.5 2 1
github.com/palladius/emorr-agy/internal/sessions/list.go:130.4,134.20 5 1
github.com/palladius/emorr-agy/internal/sessions/list.go:134.20,136.5 1 0
github.com/palladius/emorr-agy/internal/sessions/list.go:137.4,137.24 1 1
github.com/palladius/emorr-agy/internal/sessions/list.go:137.24,139.5 1 0
github.com/palladius/emorr-agy/internal/sessions/list.go:141.4,142.74 2 1
github.com/palladius/emorr-agy/internal/sessions/list.go:142.74,144.5 1 1
github.com/palladius/emorr-agy/internal/sessions/list.go:144.10,144.57 1 1
github.com/palladius/emorr-agy/internal/sessions/list.go:144.57,146.5 1 1
github.com/palladius/emorr-agy/internal/sessions/list.go:148.4,150.21 3 1
github.com/palladius/emorr-agy/internal/sessions/list.go:150.21,152.5 1 0
github.com/palladius/emorr-agy/internal/sessions/list.go:153.4,153.16 1 1
github.com/palladius/emorr-agy/internal/sessions/list.go:153.16,155.5 1 0
github.com/palladius/emorr-agy/internal/sessions/list.go:156.4,156.22 1 1
github.com/palladius/emorr-agy/internal/sessions/list.go:156.22,158.5 1 1
github.com/palladius/emorr-agy/internal/sessions/list.go:160.4,161.30 2 1
github.com/palladius/emorr-agy/internal/sessions/list.go:161.30,163.5 1 0
github.com/palladius/emorr-agy/internal/sessions/list.go:165.4,175.5 2 1
github.com/palladius/emorr-agy/internal/sessions/list.go:177.3,177.13 1 1
github.com/palladius/emorr-agy/internal/sessions/list.go:179.10,188.30 4 1
github.com/palladius/emorr-agy/internal/sessions/list.go:188.30,189.60 1 1
github.com/palladius/emorr-agy/internal/sessions/list.go:189.60,192.5 2 1
github.com/palladius/emorr-agy/internal/sessions/list.go:193.4,197.20 5 1
github.com/palladius/emorr-agy/internal/sessions/list.go:197.20,199.5 1 0
github.com/palladius/emorr-agy/internal/sessions/list.go:200.4,200.24 1 1
github.com/palladius/emorr-agy/internal/sessions/list.go:200.24,202.5 1 0
github.com/palladius/emorr-agy/internal/sessions/list.go:204.4,205.74 2 1
github.com/palladius/emorr-agy/internal/sessions/list.go:205.74,207.5 1 1
github.com/palladius/emorr-agy/internal/sessions/list.go:207.10,207.57 1 1
github.com/palladius/emorr-agy/internal/sessions/list.go:207.57,209.5 1 1
github.com/palladius/emorr-agy/internal/sessions/list.go:211.4,214.21 3 1
github.com/palladius/emorr-agy/internal/sessions/list.go:214.21,216.5 1 0
github.com/palladius/emorr-agy/internal/sessions/list.go:217.4,217.16 1 1
github.com/palladius/emorr-agy/internal/sessions/list.go:217.16,219.5 1 0
github.com/palladius/emorr-agy/internal/sessions/list.go:220.4,220.22 1 1
github.com/palladius/emorr-agy/internal/sessions/list.go:220.22,222.5 1 1
github.com/palladius/emorr-agy/internal/sessions/list.go:225.4,226.30 2 1
github.com/palladius/emorr-agy/internal/sessions/list.go:226.30,228.5 1 0
github.com/palladius/emorr-agy/internal/sessions/list.go:230.4,236.5 1 1
github.com/palladius/emorr-agy/internal/sessions/list.go:238.3,238.13 1 1
github.com/palladius/emorr-agy/internal/sessions/list.go:241.2,241.12 1 1
github.com/palladius/emorr-agy/internal/sessions/list.go:247.43,248.18 1 1
github.com/palladius/emorr-agy/internal/sessions/list.go:248.18,250.3 1 1
github.com/palladius/emorr-agy/internal/sessions/list.go:251.2,254.19 3 1
github.com/palladius/emorr-agy/internal/sessions/list.go:254.19,256.3 1 1
github.com/palladius/emorr-agy/internal/sessions/list.go:258.2,259.37 2 1
github.com/palladius/emorr-agy/internal/sessions/list.go:259.37,261.3 1 1
github.com/palladius/emorr-agy/internal/sessions/list.go:262.2,262.39 1 1
github.com/palladius/emorr-agy/internal/sessions/list.go:265.48,266.17 1 1
github.com/palladius/emorr-agy/internal/sessions/list.go:267.16,268.18 1 0
github.com/palladius/emorr-agy/internal/sessions/list.go:269.13,270.18 1 1
github.com/palladius/emorr-agy/internal/sessions/list.go:271.15,272.19 1 0
github.com/palladius/emorr-agy/internal/sessions/list.go:273.16,274.20 1 0
github.com/palladius/emorr-agy/internal/sessions/list.go:275.10,276.15 1 1
github.com/palladius/emorr-agy/internal/sessions/list.go:280.50,281.15 1 1
github.com/palladius/emorr-agy/internal/sessions/list.go:282.21,283.16 1 1
github.com/palladius/emorr-agy/internal/sessions/list.go:284.20,285.16 1 1
github.com/palladius/emorr-agy/internal/sessions/list.go:286.24,287.16 1 1
github.com/palladius/emorr-agy/internal/sessions/list.go:288.31,289.16 1 0
github.com/palladius/emorr-agy/internal/sessions/list.go:290.25,291.15 1 0
github.com/palladius/emorr-agy/internal/sessions/list.go:292.10,293.15 1 0
github.com/palladius/emorr-agy/internal/sessions/list.go:297.37,299.100 1 1
github.com/palladius/emorr-agy/internal/sessions/list.go:299.100,301.3 1 1
github.com/palladius/emorr-agy/internal/sessions/list.go:303.2,304.30 2 1
github.com/palladius/emorr-agy/internal/sessions/list.go:304.30,305.29 1 1
github.com/palladius/emorr-agy/internal/sessions/list.go:305.29,307.4 1 1
github.com/palladius/emorr-agy/internal/sessions/list.go:308.3,308.28 1 1
github.com/palladius/emorr-agy/internal/sessions/list.go:308.28,310.4 1 1
github.com/palladius/emorr-agy/internal/sessions/list.go:311.3,311.16 1 1
github.com/palladius/emorr-agy/internal/sessions/list.go:313.2,313.33 1 1
github.com/palladius/emorr-agy/internal/sessions/list.go:313.33,314.28 1 1
github.com/palladius/emorr-agy/internal/sessions/list.go:314.28,316.4 1 1
github.com/palladius/emorr-agy/internal/sessions/list.go:317.3,317.16 1 1
github.com/palladius/emorr-agy/internal/sessions/list.go:319.2,319.14 1 1
github.com/palladius/emorr-agy/internal/sessions/list.go:322.36,323.16 1 1
github.com/palladius/emorr-agy/internal/sessions/list.go:323.16,325.3 1 1
github.com/palladius/emorr-agy/internal/sessions/list.go:326.2,327.21 2 1
github.com/palladius/emorr-agy/internal/sessions/list.go:327.21,329.3 1 1
github.com/palladius/emorr-agy/internal/sessions/list.go:330.2,330.19 1 1
github.com/palladius/emorr-agy/internal/sessions/list.go:330.19,332.3 1 1
github.com/palladius/emorr-agy/internal/sessions/list.go:333.2,333.22 1 1
github.com/palladius/emorr-agy/internal/sessions/list.go:333.22,335.3 1 1
github.com/palladius/emorr-agy/internal/sessions/list.go:336.2,337.33 2 1
github.com/palladius/emorr-agy/internal/sessions/options.go:18.52,22.29 3 1
github.com/palladius/emorr-agy/internal/sessions/options.go:22.29,28.44 2 1
github.com/palladius/emorr-agy/internal/sessions/options.go:28.44,30.4 1 1
github.com/palladius/emorr-agy/internal/sessions/options.go:32.3,33.24 2 1
github.com/palladius/emorr-agy/internal/sessions/options.go:33.24,40.4 3 1
github.com/palladius/emorr-agy/internal/sessions/options.go:43.2,43.32 1 1
github.com/palladius/emorr-agy/internal/sessions/options.go:43.32,46.3 2 1
github.com/palladius/emorr-agy/internal/sessions/options.go:48.2,48.20 1 1
github.com/palladius/emorr-agy/internal/sessions/options.go:48.20,50.3 1 1
github.com/palladius/emorr-agy/internal/sessions/options.go:51.2,51.13 1 1
github.com/palladius/emorr-agy/internal/sessions/ps.go:44.74,47.16 3 0
github.com/palladius/emorr-agy/internal/sessions/ps.go:47.16,49.3 1 0
github.com/palladius/emorr-agy/internal/sessions/ps.go:51.2,52.29 2 0
github.com/palladius/emorr-agy/internal/sessions/ps.go:52.29,53.89 1 0
github.com/palladius/emorr-agy/internal/sessions/ps.go:53.89,55.4 1 0
github.com/palladius/emorr-agy/internal/sessions/ps.go:58.2,68.35 3 0
github.com/palladius/emorr-agy/internal/sessions/ps.go:68.35,71.65 2 0
github.com/palladius/emorr-agy/internal/sessions/ps.go:71.65,72.44 1 0
github.com/palladius/emorr-agy/internal/sessions/ps.go:72.44,74.10 2 0
github.com/palladius/emorr-agy/internal/sessions/ps.go:78.3,79.42 2 0
github.com/palladius/emorr-agy/internal/sessions/ps.go:79.42,81.4 1 0
github.com/palladius/emorr-agy/internal/sessions/ps.go:81.9,81.44 1 0
github.com/palladius/emorr-agy/internal/sessions/ps.go:81.44,83.4 1 0
github.com/palladius/emorr-agy/internal/sessions/ps.go:85.3,90.16 5 0
github.com/palladius/emorr-agy/internal/sessions/ps.go:90.16,92.83 1 0
github.com/palladius/emorr-agy/internal/sessions/ps.go:92.83,94.5 1 0
github.com/palladius/emorr-agy/internal/sessions/ps.go:97.4,98.16 2 0
github.com/palladius/emorr-agy/internal/sessions/ps.go:98.16,102.5 3 0
github.com/palladius/emorr-agy/internal/sessions/ps.go:103.9,107.4 3 0
github.com/palladius/emorr-agy/internal/sessions/ps.go:110.3,111.27 2 0
github.com/palladius/emorr-agy/internal/sessions/ps.go:111.27,113.4 1 0
github.com/palladius/emorr-agy/internal/sessions/ps.go:115.3,116.32 2 0
github.com/palladius/emorr-agy/internal/sessions/ps.go:116.32,118.4 1 0
github.com/palladius/emorr-agy/internal/sessions/ps.go:120.3,127.4 1 0
github.com/palladius/emorr-agy/internal/sessions/ps.go:130.2,130.19 1 0
github.com/palladius/emorr-agy/internal/sessions/ps.go:134.96,145.26 4 1
github.com/palladius/emorr-agy/internal/sessions/ps.go:145.26,147.17 2 1
github.com/palladius/emorr-agy/internal/sessions/ps.go:147.17,148.9 1 1
github.com/palladius/emorr-agy/internal/sessions/ps.go:151.2,151.16 1 1
github.com/palladius/emorr-agy/internal/sessions/ps.go:151.16,153.3 1 0
github.com/palladius/emorr-agy/internal/sessions/ps.go:155.2,156.21 2 1
github.com/palladius/emorr-agy/internal/sessions/ps.go:156.21,158.3 1 0
github.com/palladius/emorr-agy/internal/sessions/ps.go:161.2,162.39 2 1
github.com/palladius/emorr-agy/internal/sessions/ps.go:162.39,164.17 2 1
github.com/palladius/emorr-agy/internal/sessions/ps.go:164.17,166.9 2 1
github.com/palladius/emorr-agy/internal/sessions/ps.go:170.2,170.20 1 1
github.com/palladius/emorr-agy/internal/sessions/ps.go:170.20,172.3 1 0
github.com/palladius/emorr-agy/internal/sessions/ps.go:174.2,175.64 2 1
github.com/palladius/emorr-agy/internal/sessions/ps.go:175.64,177.3 1 0
github.com/palladius/emorr-agy/internal/sessions/ps.go:179.2,179.19 1 1
github.com/palladius/emorr-agy/internal/sessions/ps.go:180.20,181.53 1 0
github.com/palladius/emorr-agy/internal/sessions/ps.go:183.26,184.31 1 1
github.com/palladius/emorr-agy/internal/sessions/ps.go:184.31,186.4 1 0
github.com/palladius/emorr-agy/internal/sessions/ps.go:189.3,189.37 1 1
github.com/palladius/emorr-agy/internal/sessions/ps.go:189.37,190.19 1 1
github.com/palladius/emorr-agy/internal/sessions/ps.go:191.24,198.85 3 1
github.com/palladius/emorr-agy/internal/sessions/ps.go:198.85,200.6 1 1
github.com/palladius/emorr-agy/internal/sessions/ps.go:201.5,201.47 1 1
github.com/palladius/emorr-agy/internal/sessions/ps.go:203.26,209.58 3 1
github.com/palladius/emorr-agy/internal/sessions/ps.go:209.58,211.6 1 1
github.com/palladius/emorr-agy/internal/sessions/ps.go:212.5,212.49 1 1
github.com/palladius/emorr-agy/internal/sessions/ps.go:214.23,219.58 3 1
github.com/palladius/emorr-agy/internal/sessions/ps.go:219.58,221.6 1 1
github.com/palladius/emorr-agy/internal/sessions/ps.go:222.5,222.48 1 1
github.com/palladius/emorr-agy/internal/sessions/ps.go:224.12,226.43 1 0
github.com/palladius/emorr-agy/internal/sessions/ps.go:229.3,229.51 1 0
github.com/palladius/emorr-agy/internal/sessions/ps.go:231.10,233.54 1 0
github.com/palladius/emorr-agy/internal/sessions/ps.go:238.46,241.2 2 0
github.com/palladius/emorr-agy/internal/sessions/resume.go:16.74,18.2 1 0
github.com/palladius/emorr-agy/internal/sessions/resume.go:23.74,25.16 2 1
github.com/palladius/emorr-agy/internal/sessions/resume.go:25.16,27.3 1 0
github.com/palladius/emorr-agy/internal/sessions/resume.go:29.2,30.26 2 1
github.com/palladius/emorr-agy/internal/sessions/resume.go:30.26,34.62 1 1
github.com/palladius/emorr-agy/internal/sessions/resume.go:34.62,36.9 2 1
github.com/palladius/emorr-agy/internal/sessions/resume.go:40.2,40.19 1 1
github.com/palladius/emorr-agy/internal/sessions/resume.go:40.19,42.3 1 1
github.com/palladius/emorr-agy/internal/sessions/resume.go:44.2,44.71 1 1
github.com/palladius/emorr-agy/internal/sessions/resume.go:44.71,47.3 2 1
github.com/palladius/emorr-agy/internal/sessions/resume.go:50.2,50.62 1 1
github.com/palladius/emorr-agy/internal/sessions/resume.go:50.62,52.3 1 0
github.com/palladius/emorr-agy/internal/sessions/resume.go:55.2,56.40 2 1
github.com/palladius/emorr-agy/internal/sessions/resume.go:56.40,58.3 1 0
github.com/palladius/emorr-agy/internal/sessions/resume.go:58.8,58.47 1 1
github.com/palladius/emorr-agy/internal/sessions/resume.go:58.47,60.3 1 0
github.com/palladius/emorr-agy/internal/sessions/resume.go:60.8,60.47 1 1
github.com/palladius/emorr-agy/internal/sessions/resume.go:60.47,62.3 1 0
github.com/palladius/emorr-agy/internal/sessions/resume.go:64.2,65.149 2 1
github.com/palladius/emorr-agy/internal/sessions/resume.go:65.149,67.33 2 1
github.com/palladius/emorr-agy/internal/sessions/resume.go:67.33,69.4 1 0
github.com/palladius/emorr-agy/internal/sessions/resume.go:69.9,69.40 1 1
github.com/palladius/emorr-agy/internal/sessions/resume.go:69.40,71.4 1 0
github.com/palladius/emorr-agy/internal/sessions/resume.go:72.3,72.35 1 1
github.com/palladius/emorr-agy/internal/sessions/resume.go:75.2,75.36 1 1
github.com/palladius/emorr-agy/internal/sessions/resume.go:79.79,81.16 2 1
github.com/palladius/emorr-agy/internal/sessions/resume.go:81.16,83.3 1 0
github.com/palladius/emorr-agy/internal/sessions/resume.go:85.2,86.26 2 1
github.com/palladius/emorr-agy/internal/sessions/resume.go:86.26,90.62 1 1
github.com/palladius/emorr-agy/internal/sessions/resume.go:90.62,92.9 2 1
github.com/palladius/emorr-agy/internal/sessions/resume.go:96.2,96.19 1 1
github.com/palladius/emorr-agy/internal/sessions/resume.go:96.19,98.3 1 0
github.com/palladius/emorr-agy/internal/sessions/resume.go:100.2,100.71 1 1
github.com/palladius/emorr-agy/internal/sessions/resume.go:100.71,102.3 1 0
github.com/palladius/emorr-agy/internal/sessions/resume.go:104.2,105.40 2 1
github.com/palladius/emorr-agy/internal/sessions/resume.go:105.40,107.3 1 0
github.com/palladius/emorr-agy/internal/sessions/resume.go:107.8,107.47 1 1
github.com/palladius/emorr-agy/internal/sessions/resume.go:107.47,109.3 1 0
github.com/palladius/emorr-agy/internal/sessions/resume.go:109.8,109.47 1 1
github.com/palladius/emorr-agy/internal/sessions/resume.go:109.47,111.3 1 0
github.com/palladius/emorr-agy/internal/sessions/resume.go:113.2,114.149 2 1
github.com/palladius/emorr-agy/internal/sessions/resume.go:114.149,116.33 2 1
github.com/palladius/emorr-agy/internal/sessions/resume.go:116.33,118.4 1 0
github.com/palladius/emorr-agy/internal/sessions/resume.go:118.9,118.40 1 1
github.com/palladius/emorr-agy/internal/sessions/resume.go:118.40,120.4 1 0
github.com/palladius/emorr-agy/internal/sessions/resume.go:121.3,121.35 1 1
github.com/palladius/emorr-agy/internal/sessions/resume.go:124.2,125.24 2 1
github.com/palladius/emorr-agy/internal/sessions/resume.go:126.16,127.42 1 0
github.com/palladius/emorr-agy/internal/sessions/resume.go:128.16,129.42 1 0
github.com/palladius/emorr-agy/internal/sessions/resume.go:130.10,131.45 1 1
github.com/palladius/emorr-agy/internal/sessions/resume.go:134.2,135.36 2 1
github.com/palladius/emorr-agy/internal/sessions/resume.go:135.36,137.3 1 0
github.com/palladius/emorr-agy/internal/sessions/resume.go:139.2,145.34 6 1
github.com/palladius/emorr-agy/internal/sessions/resume.go:145.34,147.3 1 0
github.com/palladius/emorr-agy/internal/sessions/resume.go:149.2,149.12 1 1
github.com/palladius/emorr-agy/internal/sessions/resume.go:153.75,155.40 2 1
github.com/palladius/emorr-agy/internal/sessions/resume.go:155.40,157.3 1 0
github.com/palladius/emorr-agy/internal/sessions/resume.go:157.8,157.47 1 1
github.com/palladius/emorr-agy/internal/sessions/resume.go:157.47,159.3 1 0
github.com/palladius/emorr-agy/internal/sessions/resume.go:159.8,159.47 1 1
github.com/palladius/emorr-agy/internal/sessions/resume.go:159.47,161.3 1 0
github.com/palladius/emorr-agy/internal/sessions/resume.go:163.2,174.60 6 1
github.com/palladius/emorr-agy/internal/sessions/resume.go:174.60,177.3 2 0
github.com/palladius/emorr-agy/internal/sessions/resume.go:179.2,180.16 2 1
github.com/palladius/emorr-agy/internal/sessions/resume.go:180.16,182.3 1 0
github.com/palladius/emorr-agy/internal/sessions/resume.go:184.2,184.51 1 1
github.com/palladius/emorr-agy/internal/sessions/resume.go:187.43,189.16 2 1
github.com/palladius/emorr-agy/internal/sessions/resume.go:189.16,191.3 1 0
github.com/palladius/emorr-agy/internal/sessions/resume.go:193.2,196.39 3 1
github.com/palladius/emorr-agy/internal/sessions/session_classifier.go:27.69,34.29 4 1
github.com/palladius/emorr-agy/internal/sessions/session_classifier.go:34.29,35.51 1 1
github.com/palladius/emorr-agy/internal/sessions/session_classifier.go:35.51,36.12 1 1
github.com/palladius/emorr-agy/internal/sessions/session_classifier.go:38.3,38.86 1 1
github.com/palladius/emorr-agy/internal/sessions/session_classifier.go:38.86,41.4 2 1
github.com/palladius/emorr-agy/internal/sessions/session_classifier.go:45.2,45.29 1 1
github.com/palladius/emorr-agy/internal/sessions/session_classifier.go:45.29,46.51 1 1
github.com/palladius/emorr-agy/internal/sessions/session_classifier.go:46.51,47.12 1 1
github.com/palladius/emorr-agy/internal/sessions/session_classifier.go:49.3,49.73 1 1
github.com/palladius/emorr-agy/internal/sessions/session_classifier.go:49.73,51.4 1 1
github.com/palladius/emorr-agy/internal/sessions/session_classifier.go:54.2,54.19 1 1
github.com/palladius/emorr-agy/internal/sessions/session_classifier.go:60.100,62.25 1 1
github.com/palladius/emorr-agy/internal/sessions/session_classifier.go:62.25,64.3 1 1
github.com/palladius/emorr-agy/internal/sessions/session_classifier.go:66.2,70.30 3 1
github.com/palladius/emorr-agy/internal/sessions/session_classifier.go:70.30,72.3 1 1
github.com/palladius/emorr-agy/internal/sessions/session_classifier.go:75.2,75.14 1 1
github.com/palladius/emorr-agy/internal/sessions/session_classifier.go:75.14,78.3 1 1
github.com/palladius/emorr-agy/internal/sessions/session_classifier.go:81.2,81.36 1 1
github.com/palladius/emorr-agy/internal/sessions/session_classifier.go:81.36,83.3 1 1
github.com/palladius/emorr-agy/internal/sessions/session_classifier.go:86.2,86.22 1 1
github.com/palladius/emorr-agy/internal/sessions/session_classifier.go:91.150,100.2 2 1
github.com/palladius/emorr-agy/internal/sessions/session_classifier.go:104.70,114.2 2 1
github.com/palladius/emorr-agy/internal/sessions/session_classifier.go:117.66,120.45 2 1
github.com/palladius/emorr-agy/internal/sessions/session_classifier.go:120.45,122.3 1 0
github.com/palladius/emorr-agy/internal/sessions/session_classifier.go:124.2,125.44 2 1
github.com/palladius/emorr-agy/internal/sessions/session_classifier.go:125.44,127.3 1 0
github.com/palladius/emorr-agy/internal/sessions/session_classifier.go:128.2,128.18 1 1
github.com/palladius/emorr-agy/internal/sessions/show.go:33.38,35.16 2 1
github.com/palladius/emorr-agy/internal/sessions/show.go:35.16,37.3 1 0
github.com/palladius/emorr-agy/internal/sessions/show.go:38.2,39.16 2 1
github.com/palladius/emorr-agy/internal/sessions/show.go:39.16,41.3 1 1
github.com/palladius/emorr-agy/internal/sessions/show.go:43.2,43.46 1 0
github.com/palladius/emorr-agy/internal/sessions/show.go:43.46,45.3 1 0
github.com/palladius/emorr-agy/internal/sessions/show.go:46.2,46.14 1 0
github.com/palladius/emorr-agy/internal/sessions/show.go:50.129,52.16 2 1
github.com/palladius/emorr-agy/internal/sessions/show.go:52.16,54.3 1 0
github.com/palladius/emorr-agy/internal/sessions/show.go:56.2,57.26 2 1
github.com/palladius/emorr-agy/internal/sessions/show.go:57.26,58.34 1 1
github.com/palladius/emorr-agy/internal/sessions/show.go:58.34,60.9 2 1
github.com/palladius/emorr-agy/internal/sessions/show.go:64.2,64.19 1 1
github.com/palladius/emorr-agy/internal/sessions/show.go:64.19,66.3 1 0
github.com/palladius/emorr-agy/internal/sessions/show.go:68.2,69.53 2 1
github.com/palladius/emorr-agy/internal/sessions/show.go:69.53,70.45 1 1
github.com/palladius/emorr-agy/internal/sessions/show.go:70.45,72.4 1 1
github.com/palladius/emorr-agy/internal/sessions/show.go:72.9,72.52 1 0
github.com/palladius/emorr-agy/internal/sessions/show.go:72.52,74.4 1 0
github.com/palladius/emorr-agy/internal/sessions/show.go:74.9,74.52 1 0
github.com/palladius/emorr-agy/internal/sessions/show.go:74.52,76.4 1 0
github.com/palladius/emorr-agy/internal/sessions/show.go:78.2,80.14 3 1
github.com/palladius/emorr-agy/internal/sessions/show.go:80.14,82.3 1 1
github.com/palladius/emorr-agy/internal/sessions/show.go:83.2,100.65 13 1
github.com/palladius/emorr-agy/internal/sessions/show.go:100.65,102.66 2 1
github.com/palladius/emorr-agy/internal/sessions/show.go:102.66,104.4 1 1
github.com/palladius/emorr-agy/internal/sessions/show.go:108.2,108.36 1 1
github.com/palladius/emorr-agy/internal/sessions/show.go:108.36,109.24 1 1
github.com/palladius/emorr-agy/internal/sessions/show.go:109.24,111.4 1 0
github.com/palladius/emorr-agy/internal/sessions/show.go:114.3,117.64 3 1
github.com/palladius/emorr-agy/internal/sessions/show.go:117.64,118.62 1 1
github.com/palladius/emorr-agy/internal/sessions/show.go:118.62,119.25 1 1
github.com/palladius/emorr-agy/internal/sessions/show.go:119.25,121.6 1 1
github.com/palladius/emorr-agy/internal/sessions/show.go:126.3,130.90 3 1
github.com/palladius/emorr-agy/internal/sessions/show.go:130.90,132.4 1 0
github.com/palladius/emorr-agy/internal/sessions/show.go:133.3,133.16 1 1
github.com/palladius/emorr-agy/internal/sessions/show.go:133.16,135.4 1 1
github.com/palladius/emorr-agy/internal/sessions/show.go:137.3,138.17 2 1
github.com/palladius/emorr-agy/internal/sessions/show.go:138.17,140.4 1 0
github.com/palladius/emorr-agy/internal/sessions/show.go:141.3,145.52 3 1
github.com/palladius/emorr-agy/internal/sessions/show.go:145.52,147.4 1 1
github.com/palladius/emorr-agy/internal/sessions/show.go:151.2,151.19 1 1
github.com/palladius/emorr-agy/internal/sessions/show.go:151.19,156.3 4 1
github.com/palladius/emorr-agy/internal/sessions/show.go:158.2,158.12 1 1
github.com/palladius/emorr-agy/internal/sessions/show.go:161.97,164.45 2 1
github.com/palladius/emorr-agy/internal/sessions/show.go:164.45,167.33 3 0
github.com/palladius/emorr-agy/internal/sessions/show.go:167.33,169.4 1 0
github.com/palladius/emorr-agy/internal/sessions/show.go:170.3,170.70 1 0
github.com/palladius/emorr-agy/internal/sessions/show.go:170.70,172.4 1 0
github.com/palladius/emorr-agy/internal/sessions/show.go:174.3,177.16 4 0
github.com/palladius/emorr-agy/internal/sessions/show.go:177.16,179.4 1 0
github.com/palladius/emorr-agy/internal/sessions/show.go:180.3,180.39 1 0
github.com/palladius/emorr-agy/internal/sessions/show.go:180.39,182.4 1 0
github.com/palladius/emorr-agy/internal/sessions/show.go:183.3,183.9 1 0
github.com/palladius/emorr-agy/internal/sessions/show.go:187.2,190.59 4 1
github.com/palladius/emorr-agy/internal/sessions/show.go:190.59,192.3 1 1
github.com/palladius/emorr-agy/internal/sessions/show.go:192.8,194.60 2 1
github.com/palladius/emorr-agy/internal/sessions/show.go:194.60,196.4 1 0
github.com/palladius/emorr-agy/internal/sessions/show.go:196.9,199.55 2 1
github.com/palladius/emorr-agy/internal/sessions/show.go:199.55,200.47 1 1
github.com/palladius/emorr-agy/internal/sessions/show.go:200.47,202.6 1 1
github.com/palladius/emorr-agy/internal/sessions/show.go:202.11,202.54 1 0
github.com/palladius/emorr-agy/internal/sessions/show.go:202.54,204.6 1 0
github.com/palladius/emorr-agy/internal/sessions/show.go:204.11,204.54 1 0
github.com/palladius/emorr-agy/internal/sessions/show.go:204.54,206.6 1 0
github.com/palladius/emorr-agy/internal/sessions/show.go:208.4,208.30 1 1
github.com/palladius/emorr-agy/internal/sessions/show.go:208.30,210.62 2 1
github.com/palladius/emorr-agy/internal/sessions/show.go:210.62,212.6 1 0
github.com/palladius/emorr-agy/internal/sessions/show.go:212.11,214.63 2 1
github.com/palladius/emorr-agy/internal/sessions/show.go:214.63,216.7 1 0
github.com/palladius/emorr-agy/internal/sessions/show.go:222.2,222.20 1 1
github.com/palladius/emorr-agy/internal/sessions/show.go:222.20,227.3 4 1
github.com/palladius/emorr-agy/internal/sessions/show.go:229.2,229.16 1 1
github.com/palladius/emorr-agy/internal/sessions/show.go:229.16,234.3 4 0
github.com/palladius/emorr-agy/internal/sessions/show.go:237.2,239.58 2 1
github.com/palladius/emorr-agy/internal/sessions/show.go:239.58,241.3 1 1
github.com/palladius/emorr-agy/internal/sessions/show.go:244.2,244.27 1 1
github.com/palladius/emorr-agy/internal/sessions/show.go:244.27,246.3 1 0
github.com/palladius/emorr-agy/internal/sessions/show.go:248.2,251.24 3 1
github.com/palladius/emorr-agy/internal/sessions/show.go:251.24,254.3 2 0
github.com/palladius/emorr-agy/internal/sessions/show.go:256.2,256.32 1 1
github.com/palladius/emorr-agy/internal/sessions/show.go:256.32,258.3 1 1
github.com/palladius/emorr-agy/internal/sessions/show.go:261.46,267.59 2 1
github.com/palladius/emorr-agy/internal/sessions/show.go:267.59,269.3 1 0
github.com/palladius/emorr-agy/internal/sessions/show.go:270.2,271.24 2 1
github.com/palladius/emorr-agy/internal/sessions/show.go:271.24,273.3 1 0
github.com/palladius/emorr-agy/internal/sessions/show.go:275.2,280.67 5 1
github.com/palladius/emorr-agy/internal/sessions/show.go:283.92,284.94 1 1
github.com/palladius/emorr-agy/internal/sessions/show.go:284.94,285.20 1 0
github.com/palladius/emorr-agy/internal/sessions/show.go:286.32,287.39 1 0
github.com/palladius/emorr-agy/internal/sessions/show.go:288.26,289.32 1 0
github.com/palladius/emorr-agy/internal/sessions/show.go:290.11,291.28 1 0
github.com/palladius/emorr-agy/internal/sessions/show.go:296.2,296.65 1 1
github.com/palladius/emorr-agy/internal/sessions/show.go:296.65,297.41 1 1
github.com/palladius/emorr-agy/internal/sessions/show.go:297.41,299.4 1 0
github.com/palladius/emorr-agy/internal/sessions/show.go:303.2,304.53 2 1
github.com/palladius/emorr-agy/internal/sessions/show.go:304.53,305.45 1 1
github.com/palladius/emorr-agy/internal/sessions/show.go:305.45,307.4 1 1
github.com/palladius/emorr-agy/internal/sessions/show.go:307.9,307.52 1 0
github.com/palladius/emorr-agy/internal/sessions/show.go:307.52,309.4 1 0
github.com/palladius/emorr-agy/internal/sessions/show.go:309.9,309.52 1 0
github.com/palladius/emorr-agy/internal/sessions/show.go:309.52,311.4 1 0
github.com/palladius/emorr-agy/internal/sessions/show.go:314.2,317.13 2 1
github.com/palladius/emorr-agy/internal/sessions/show.go:317.13,318.29 1 0
github.com/palladius/emorr-agy/internal/sessions/show.go:318.29,320.4 1 0
github.com/palladius/emorr-agy/internal/sessions/show.go:324.2,325.16 2 1
github.com/palladius/emorr-agy/internal/sessions/show.go:325.16,326.18 1 0
github.com/palladius/emorr-agy/internal/sessions/show.go:326.18,328.4 1 0
github.com/palladius/emorr-agy/internal/sessions/show.go:328.9,328.26 1 0
github.com/palladius/emorr-agy/internal/sessions/show.go:328.26,330.4 1 0
github.com/palladius/emorr-agy/internal/sessions/show.go:334.2,334.35 1 1
github.com/palladius/emorr-agy/internal/sessions/show.go:334.35,336.3 1 0
github.com/palladius/emorr-agy/internal/sessions/show.go:337.2,337.38 1 1
github.com/palladius/emorr-agy/internal/sessions/show.go:340.53,342.45 2 1
github.com/palladius/emorr-agy/internal/sessions/show.go:342.45,357.34 3 0
github.com/palladius/emorr-agy/internal/sessions/show.go:357.34,358.38 1 0
github.com/palladius/emorr-agy/internal/sessions/show.go:358.38,360.5 1 0
github.com/palladius/emorr-agy/internal/sessions/show.go:363.2,363.14 1 1
github.com/palladius/emorr-agy/internal/sessions/show.go:366.44,368.16 2 0
github.com/palladius/emorr-agy/internal/sessions/show.go:368.16,370.3 1 0
github.com/palladius/emorr-agy/internal/sessions/show.go:371.2,371.29 1 0
github.com/palladius/emorr-agy/internal/sessions/show.go:371.29,372.20 1 0
github.com/palladius/emorr-agy/internal/sessions/show.go:372.20,373.12 1 0
github.com/palladius/emorr-agy/internal/sessions/show.go:375.3,377.17 3 0
github.com/palladius/emorr-agy/internal/sessions/show.go:377.17,378.12 1 0
github.com/palladius/emorr-agy/internal/sessions/show.go:381.3,383.17 3 0
github.com/palladius/emorr-agy/internal/sessions/show.go:383.17,384.12 1 0
github.com/palladius/emorr-agy/internal/sessions/show.go:386.3,388.22 3 0
github.com/palladius/emorr-agy/internal/sessions/show.go:388.22,389.12 1 0
github.com/palladius/emorr-agy/internal/sessions/show.go:391.3,392.22 2 0
github.com/palladius/emorr-agy/internal/sessions/show.go:392.22,394.25 2 0
github.com/palladius/emorr-agy/internal/sessions/show.go:394.25,396.5 1 0
github.com/palladius/emorr-agy/internal/sessions/show.go:399.2,399.14 1 0
github.com/palladius/emorr-agy/internal/sessions/show.go:402.59,405.16 3 1
github.com/palladius/emorr-agy/internal/sessions/show.go:405.16,407.3 1 1
github.com/palladius/emorr-agy/internal/sessions/show.go:409.2,410.21 2 0
github.com/palladius/emorr-agy/internal/sessions/show.go:410.21,414.3 3 0
github.com/palladius/emorr-agy/internal/sessions/show.go:416.2,416.18 1 0
github.com/palladius/emorr-agy/internal/sessions/show.go:420.104,423.16 3 0
github.com/palladius/emorr-agy/internal/sessions/show.go:423.16,425.3 1 0
github.com/palladius/emorr-agy/internal/sessions/show.go:427.2,428.26 2 0
github.com/palladius/emorr-agy/internal/sessions/show.go:428.26,432.62 1 0
github.com/palladius/emorr-agy/internal/sessions/show.go:432.62,434.9 2 0
github.com/palladius/emorr-agy/internal/sessions/show.go:437.2,437.19 1 0
github.com/palladius/emorr-agy/internal/sessions/show.go:437.19,439.3 1 0
github.com/palladius/emorr-agy/internal/sessions/show.go:441.2,442.53 2 0
github.com/palladius/emorr-agy/internal/sessions/show.go:442.53,443.45 1 0
github.com/palladius/emorr-agy/internal/sessions/show.go:443.45,445.4 1 0
github.com/palladius/emorr-agy/internal/sessions/show.go:445.9,445.52 1 0
github.com/palladius/emorr-agy/internal/sessions/show.go:445.52,447.4 1 0
github.com/palladius/emorr-agy/internal/sessions/show.go:447.9,447.52 1 0
github.com/palladius/emorr-agy/internal/sessions/show.go:447.52,449.4 1 0
github.com/palladius/emorr-agy/internal/sessions/show.go:451.2,453.14 3 0
github.com/palladius/emorr-agy/internal/sessions/show.go:453.14,455.3 1 0
github.com/palladius/emorr-agy/internal/sessions/show.go:456.2,470.45 12 0
github.com/palladius/emorr-agy/internal/sessions/show.go:470.45,472.33 2 0
github.com/palladius/emorr-agy/internal/sessions/show.go:472.33,474.4 1 0
github.com/palladius/emorr-agy/internal/sessions/show.go:475.3,475.82 1 0
github.com/palladius/emorr-agy/internal/sessions/show.go:475.82,477.4 1 0
github.com/palladius/emorr-agy/internal/sessions/show.go:480.2,482.24 3 0
github.com/palladius/emorr-agy/internal/sessions/show.go:482.24,484.16 2 0
github.com/palladius/emorr-agy/internal/sessions/show.go:484.16,486.4 1 0
github.com/palladius/emorr-agy/internal/sessions/show.go:487.3,488.43 2 0
github.com/palladius/emorr-agy/internal/sessions/show.go:488.43,491.4 2 0
github.com/palladius/emorr-agy/internal/sessions/show.go:493.3,495.40 3 0
github.com/palladius/emorr-agy/internal/sessions/show.go:498.2,500.38 3 0
github.com/palladius/emorr-agy/internal/sessions/transcript_analyzer.go:21.75,23.16 2 1
github.com/palladius/emorr-agy/internal/sessions/transcript_analyzer.go:23.16,25.3 1 1
github.com/palladius/emorr-agy/internal/sessions/transcript_analyzer.go:26.2,32.21 5 1
github.com/palladius/emorr-agy/internal/sessions/transcript_analyzer.go:32.21,34.17 2 1
github.com/palladius/emorr-agy/internal/sessions/transcript_analyzer.go:34.17,35.12 1 0
github.com/palladius/emorr-agy/internal/sessions/transcript_analyzer.go:37.3,38.61 2 1
github.com/palladius/emorr-agy/internal/sessions/transcript_analyzer.go:38.61,39.12 1 0
github.com/palladius/emorr-agy/internal/sessions/transcript_analyzer.go:41.3,41.30 1 1
github.com/palladius/emorr-agy/internal/sessions/transcript_analyzer.go:43.2,43.29 1 1
github.com/palladius/emorr-agy/internal/sessions/transcript_analyzer.go:48.46,55.72 4 1
github.com/palladius/emorr-agy/internal/sessions/transcript_analyzer.go:55.72,57.3 1 1
github.com/palladius/emorr-agy/internal/sessions/transcript_analyzer.go:59.2,59.35 1 1
github.com/palladius/emorr-agy/internal/sessions/transcript_analyzer.go:65.60,67.35 2 1
github.com/palladius/emorr-agy/internal/sessions/transcript_analyzer.go:67.35,69.3 1 1
github.com/palladius/emorr-agy/internal/sessions/transcript_analyzer.go:71.2,72.67 2 1
github.com/palladius/emorr-agy/internal/sessions/transcript_analyzer.go:77.49,79.35 2 1
github.com/palladius/emorr-agy/internal/sessions/transcript_analyzer.go:79.35,81.3 1 1
github.com/palladius/emorr-agy/internal/sessions/transcript_analyzer.go:84.2,85.39 2 1
github.com/palladius/emorr-agy/internal/sessions/transcript_analyzer.go:85.39,86.36 1 1
github.com/palladius/emorr-agy/internal/sessions/transcript_analyzer.go:86.36,88.9 2 1
github.com/palladius/emorr-agy/internal/sessions/transcript_analyzer.go:91.2,91.26 1 1
github.com/palladius/emorr-agy/internal/sessions/transcript_analyzer.go:91.26,93.3 1 1
github.com/palladius/emorr-agy/internal/sessions/transcript_analyzer.go:95.2,106.30 4 1
github.com/palladius/emorr-agy/internal/sessions/transcript_analyzer.go:111.52,113.35 2 1
github.com/palladius/emorr-agy/internal/sessions/transcript_analyzer.go:113.35,115.3 1 1
github.com/palladius/emorr-agy/internal/sessions/transcript_analyzer.go:117.2,119.29 2 1
github.com/palladius/emorr-agy/internal/sessions/transcript_analyzer.go:119.29,121.37 1 1
github.com/palladius/emorr-agy/internal/sessions/transcript_analyzer.go:121.37,123.72 2 1
github.com/palladius/emorr-agy/internal/sessions/transcript_analyzer.go:123.72,125.27 2 1
github.com/palladius/emorr-agy/internal/sessions/transcript_analyzer.go:125.27,127.6 1 1
github.com/palladius/emorr-agy/internal/sessions/transcript_analyzer.go:132.3,132.76 1 1
github.com/palladius/emorr-agy/internal/sessions/transcript_analyzer.go:132.76,134.26 2 1
github.com/palladius/emorr-agy/internal/sessions/transcript_analyzer.go:134.26,136.5 1 1
github.com/palladius/emorr-agy/internal/sessions/transcript_analyzer.go:140.2,140.22 1 1
github.com/palladius/emorr-agy/internal/sessions/transcript_analyzer.go:140.22,142.3 1 1
github.com/palladius/emorr-agy/internal/sessions/transcript_analyzer.go:145.2,147.34 3 1
github.com/palladius/emorr-agy/internal/sessions/transcript_analyzer.go:147.34,148.24 1 1
github.com/palladius/emorr-agy/internal/sessions/transcript_analyzer.go:148.24,151.4 2 1
github.com/palladius/emorr-agy/internal/sessions/transcript_analyzer.go:153.2,153.17 1 1
